<?xml version="1.0" encoding="UTF-8"?>
<!-- Generated by org.testng.reporters.JUnitXMLReporter -->
<testsuite ignored="0" hostname="DESKTOP-E7SSQUU" failures="1" tests="1" name="EdgeTest" time="255.01" errors="0" timestamp="2025-10-15T23:53:32 IST">
  <testcase classname="seleniumGrid.ParallelTest" name="crossBrowserTest" time="254.848">
    <failure type="org.openqa.selenium.TimeoutException" message="java.util.concurrent.TimeoutException
Build info: version: &amp;apos;4.35.0&amp;apos;, revision: &amp;apos;1c58e5028b&amp;apos;
System info: os.name: &amp;apos;Windows 10&amp;apos;, os.arch: &amp;apos;amd64&amp;apos;, os.version: &amp;apos;10.0&amp;apos;, java.version: &amp;apos;21.0.7&amp;apos;
Driver info: org.openqa.selenium.remote.RemoteWebDriver
Command: [ce972f5d8c1285315520c2788ab0eea2, screenshot {}]
Capabilities {acceptInsecureCerts: false, browserName: MicrosoftEdge, browserVersion: 140.0.3485.94, fedcm:accounts: true, ms:edgeOptions: {debuggerAddress: localhost:36873}, msedge: {msedgedriverVersion: 140.0.3485.94 (9831641b47fb..., userDataDir: /tmp/.com.microsoft.Edge.2e...}, networkConnectionEnabled: false, pageLoadStrategy: normal, platformName: linux, proxy: Proxy(), se:bidiEnabled: false, se:cdp: ws://172.19.0.3:4444/sessio..., se:cdpVersion: 140.0.3485.94, se:containerName: 095d488b923c, se:deleteSessionOnUi: true, se:downloadsEnabled: true, se:noVncPort: 7900, se:vnc: ws://172.19.0.3:4444/sessio..., se:vncEnabled: true, se:vncLocalAddress: ws://172.19.0.3:7900, setWindowRect: true, strictFileInteractability: false, timeouts: {implicit: 0, pageLoad: 300000, script: 30000}, unhandledPromptBehavior: dismiss and notify, webauthn:extension:credBlob: true, webauthn:extension:largeBlob: true, webauthn:extension:minPinLength: true, webauthn:extension:prf: true, webauthn:virtualAuthenticators: true}
Session ID: ce972f5d8c1285315520c2788ab0eea2">
      <![CDATA[org.openqa.selenium.TimeoutException: java.util.concurrent.TimeoutException
Build info: version: '4.35.0', revision: '1c58e5028b'
System info: os.name: 'Windows 10', os.arch: 'amd64', os.version: '10.0', java.version: '21.0.7'
Driver info: org.openqa.selenium.remote.RemoteWebDriver
Command: [ce972f5d8c1285315520c2788ab0eea2, screenshot {}]
Capabilities {acceptInsecureCerts: false, browserName: MicrosoftEdge, browserVersion: 140.0.3485.94, fedcm:accounts: true, ms:edgeOptions: {debuggerAddress: localhost:36873}, msedge: {msedgedriverVersion: 140.0.3485.94 (9831641b47fb..., userDataDir: /tmp/.com.microsoft.Edge.2e...}, networkConnectionEnabled: false, pageLoadStrategy: normal, platformName: linux, proxy: Proxy(), se:bidiEnabled: false, se:cdp: ws://172.19.0.3:4444/sessio..., se:cdpVersion: 140.0.3485.94, se:containerName: 095d488b923c, se:deleteSessionOnUi: true, se:downloadsEnabled: true, se:noVncPort: 7900, se:vnc: ws://172.19.0.3:4444/sessio..., se:vncEnabled: true, se:vncLocalAddress: ws://172.19.0.3:7900, setWindowRect: true, strictFileInteractability: false, timeouts: {implicit: 0, pageLoad: 300000, script: 30000}, unhandledPromptBehavior: dismiss and notify, webauthn:extension:credBlob: true, webauthn:extension:largeBlob: true, webauthn:extension:minPinLength: true, webauthn:extension:prf: true, webauthn:virtualAuthenticators: true}
Session ID: ce972f5d8c1285315520c2788ab0eea2
at org.openqa.selenium.remote.http.jdk.JdkHttpClient.execute(JdkHttpClient.java:427)
at org.openqa.selenium.remote.tracing.TracedHttpClient.execute(TracedHttpClient.java:54)
at org.openqa.selenium.remote.HttpCommandExecutor.execute(HttpCommandExecutor.java:212)
at org.openqa.selenium.remote.TracedCommandExecutor.execute(TracedCommandExecutor.java:53)
at org.openqa.selenium.remote.RemoteWebDriver.execute(RemoteWebDriver.java:557)
at org.openqa.selenium.remote.RemoteWebDriver.execute(RemoteWebDriver.java:630)
at org.openqa.selenium.remote.RemoteWebDriver.execute(RemoteWebDriver.java:634)
at org.openqa.selenium.remote.RemoteWebDriver.getScreenshotAs(RemoteWebDriver.java:346)
at com.SeleniumGrid.Utility.Utility.getScreenshot(Utility.java:15)
at seleniumGrid.ParallelTest.crossBrowserTest(ParallelTest.java:37)
at java.base/java.util.ArrayList.forEach(ArrayList.java:1596)
at java.base/java.util.concurrent.FutureTask.run(FutureTask.java:317)
at java.base/java.util.concurrent.ThreadPoolExecutor.runWorker(ThreadPoolExecutor.java:1144)
at java.base/java.util.concurrent.ThreadPoolExecutor$Worker.run(ThreadPoolExecutor.java:642)
at java.base/java.lang.Thread.run(Thread.java:1583)
Caused by: java.util.concurrent.TimeoutException
at java.base/java.util.concurrent.CompletableFuture$Timeout.run(CompletableFuture.java:2920)
at java.base/java.util.concurrent.Executors$RunnableAdapter.call(Executors.java:572)
at java.base/java.util.concurrent.FutureTask.run(FutureTask.java:317)
at java.base/java.util.concurrent.ScheduledThreadPoolExecutor$ScheduledFutureTask.run(ScheduledThreadPoolExecutor.java:304)
... 3 more
... Removed 15 stack frames]]>
    </failure>
  </testcase> <!-- crossBrowserTest -->
</testsuite> <!-- EdgeTest -->
