<?xml version="1.0" encoding="UTF-8"?>
<testng-results ignored="0" total="3" passed="3" failed="0" skipped="0">
  <reporter-output>
  </reporter-output>
  <suite started-at="2025-10-30T21:59:49 IST" name="Suite" finished-at="2025-10-30T22:01:21 IST" duration-ms="92018">
    <groups>
    </groups>
    <test started-at="2025-10-30T21:59:49 IST" name="ChromeTest" finished-at="2025-10-30T22:00:23 IST" duration-ms="34449">
      <class name="seleniumGrid.ParallelTest">
        <test-method signature="crossBrowserTest(java.lang.String)[pri:0, instance:seleniumGrid.ParallelTest@36ebc363]" started-at="2025-10-30T21:59:49 IST" name="crossBrowserTest" finished-at="2025-10-30T22:00:23 IST" duration-ms="34293" status="PASS">
          <params>
            <param index="0">
              <value>
                <![CDATA[Chrome]]>
              </value>
            </param>
          </params>
          <reporter-output>
          </reporter-output>
        </test-method> <!-- crossBrowserTest -->
      </class> <!-- seleniumGrid.ParallelTest -->
    </test> <!-- ChromeTest -->
    <test started-at="2025-10-30T21:59:49 IST" name="EdgeTest" finished-at="2025-10-30T22:00:45 IST" duration-ms="56085">
      <class name="seleniumGrid.ParallelTest">
        <test-method signature="crossBrowserTest(java.lang.String)[pri:0, instance:seleniumGrid.ParallelTest@38afe297]" started-at="2025-10-30T21:59:49 IST" name="crossBrowserTest" finished-at="2025-10-30T22:00:45 IST" duration-ms="55968" status="PASS">
          <params>
            <param index="0">
              <value>
                <![CDATA[Edge]]>
              </value>
            </param>
          </params>
          <reporter-output>
          </reporter-output>
        </test-method> <!-- crossBrowserTest -->
      </class> <!-- seleniumGrid.ParallelTest -->
    </test> <!-- EdgeTest -->
    <test started-at="2025-10-30T21:59:49 IST" name="FirefoxTest" finished-at="2025-10-30T22:01:21 IST" duration-ms="92018">
      <class name="seleniumGrid.ParallelTest">
        <test-method signature="crossBrowserTest(java.lang.String)[pri:0, instance:seleniumGrid.ParallelTest@23348b5d]" started-at="2025-10-30T21:59:49 IST" name="crossBrowserTest" finished-at="2025-10-30T22:01:21 IST" duration-ms="91889" status="PASS">
          <params>
            <param index="0">
              <value>
                <![CDATA[Firefox]]>
              </value>
            </param>
          </params>
          <reporter-output>
          </reporter-output>
        </test-method> <!-- crossBrowserTest -->
      </class> <!-- seleniumGrid.ParallelTest -->
    </test> <!-- FirefoxTest -->
  </suite> <!-- Suite -->
</testng-results>
